[debug] [2020-12-03T11:53:19.389Z] ----------------------------------------------------------------------
[debug] [2020-12-03T11:53:19.392Z] Command:       C:\Program Files\nodejs\node.exe C:\Users\ACER\AppData\Roaming\npm\node_modules\firebase-tools\lib\bin\firebase.js login
[debug] [2020-12-03T11:53:19.392Z] CLI Version:   8.16.2
[debug] [2020-12-03T11:53:19.392Z] Platform:      win32
[debug] [2020-12-03T11:53:19.392Z] Node Version:  v12.16.1
[debug] [2020-12-03T11:53:19.393Z] Time:          Thu Dec 03 2020 03:53:19 GMT-0800 (Pacific Standard Time)
[debug] [2020-12-03T11:53:19.394Z] ----------------------------------------------------------------------
[debug] [2020-12-03T11:53:19.394Z] 
[info] i  Firebase optionally collects CLI usage and error reporting information to help improve our products. Data is collected in accordance with Google's privacy policy (https://policies.google.com/privacy) and is not used to identify you.
 
[info] i  To change your data collection preference at any time, run `firebase logout` and log in again. 
[info] 
[info] Visit this URL on this device to log in:
[info] https://accounts.google.com/o/oauth2/auth?client_id=563584335869-fgrhgmd47bqnekij5i8b5pr03ho849e6.apps.googleusercontent.com&scope=email%20openid%20https%3A%2F%2Fwww.googleapis.com%2Fauth%2Fcloudplatformprojects.readonly%20https%3A%2F%2Fwww.googleapis.com%2Fauth%2Ffirebase%20https%3A%2F%2Fwww.googleapis.com%2Fauth%2Fcloud-platform&response_type=code&state=990686926&redirect_uri=http%3A%2F%2Flocalhost%3A9005
[info] 
[info] Waiting for authentication...
[debug] [2020-12-03T11:53:21.864Z] Error: spawn cmd ENOENT
    at Process.ChildProcess._handle.onexit (internal/child_process.js:267:19)
    at onErrorNT (internal/child_process.js:469:16)
    at processTicksAndRejections (internal/process/task_queues.js:84:21)
[error] 
[error] Error: An unexpected error has occurred.
[debug] [2020-12-03T11:55:14.796Z] ----------------------------------------------------------------------
[debug] [2020-12-03T11:55:14.799Z] Command:       C:\Program Files\nodejs\node.exe C:\Users\ACER\AppData\Roaming\npm\node_modules\firebase-tools\lib\bin\firebase.js login
[debug] [2020-12-03T11:55:14.799Z] CLI Version:   8.16.2
[debug] [2020-12-03T11:55:14.800Z] Platform:      win32
[debug] [2020-12-03T11:55:14.800Z] Node Version:  v12.16.1
[debug] [2020-12-03T11:55:14.801Z] Time:          Thu Dec 03 2020 03:55:14 GMT-0800 (Pacific Standard Time)
[debug] [2020-12-03T11:55:14.802Z] ----------------------------------------------------------------------
[debug] [2020-12-03T11:55:14.802Z] 
[info] i  Firebase optionally collects CLI usage and error reporting information to help improve our products. Data is collected in accordance with Google's privacy policy (https://policies.google.com/privacy) and is not used to identify you.
 
[info] i  To change your data collection preference at any time, run `firebase logout` and log in again. 
[info] 
[info] Visit this URL on this device to log in:
[info] https://accounts.google.com/o/oauth2/auth?client_id=563584335869-fgrhgmd47bqnekij5i8b5pr03ho849e6.apps.googleusercontent.com&scope=email%20openid%20https%3A%2F%2Fwww.googleapis.com%2Fauth%2Fcloudplatformprojects.readonly%20https%3A%2F%2Fwww.googleapis.com%2Fauth%2Ffirebase%20https%3A%2F%2Fwww.googleapis.com%2Fauth%2Fcloud-platform&response_type=code&state=69448156&redirect_uri=http%3A%2F%2Flocalhost%3A9005
[info] 
[info] Waiting for authentication...
[debug] [2020-12-03T11:55:16.562Z] Error: spawn cmd ENOENT
    at Process.ChildProcess._handle.onexit (internal/child_process.js:267:19)
    at onErrorNT (internal/child_process.js:469:16)
    at processTicksAndRejections (internal/process/task_queues.js:84:21)
[error] 
[error] Error: An unexpected error has occurred.
[debug] [2020-12-03T12:05:59.542Z] ----------------------------------------------------------------------
[debug] [2020-12-03T12:05:59.545Z] Command:       C:\Program Files\nodejs\node.exe C:\Users\ACER\AppData\Roaming\npm\node_modules\firebase-tools\lib\bin\firebase.js login
[debug] [2020-12-03T12:05:59.545Z] CLI Version:   8.16.2
[debug] [2020-12-03T12:05:59.545Z] Platform:      win32
[debug] [2020-12-03T12:05:59.545Z] Node Version:  v12.16.1
[debug] [2020-12-03T12:05:59.546Z] Time:          Thu Dec 03 2020 04:05:59 GMT-0800 (Pacific Standard Time)
[debug] [2020-12-03T12:05:59.546Z] ----------------------------------------------------------------------
[debug] [2020-12-03T12:05:59.546Z] 
[info] i  Firebase optionally collects CLI usage and error reporting information to help improve our products. Data is collected in accordance with Google's privacy policy (https://policies.google.com/privacy) and is not used to identify you.
 
[info] i  To change your data collection preference at any time, run `firebase logout` and log in again. 
[info] 
[info] Visit this URL on this device to log in:
[info] https://accounts.google.com/o/oauth2/auth?client_id=563584335869-fgrhgmd47bqnekij5i8b5pr03ho849e6.apps.googleusercontent.com&scope=email%20openid%20https%3A%2F%2Fwww.googleapis.com%2Fauth%2Fcloudplatformprojects.readonly%20https%3A%2F%2Fwww.googleapis.com%2Fauth%2Ffirebase%20https%3A%2F%2Fwww.googleapis.com%2Fauth%2Fcloud-platform&response_type=code&state=832211724&redirect_uri=http%3A%2F%2Flocalhost%3A9005
[info] 
[info] Waiting for authentication...
[debug] [2020-12-03T12:06:01.125Z] Error: spawn cmd ENOENT
    at Process.ChildProcess._handle.onexit (internal/child_process.js:267:19)
    at onErrorNT (internal/child_process.js:469:16)
    at processTicksAndRejections (internal/process/task_queues.js:84:21)
[error] 
[error] Error: An unexpected error has occurred.
